0 info it worked if it ends with ok
1 verbose cli [ 'C:\\Program Files\\nodejs\\node.exe',
1 verbose cli   'C:\\Program Files\\nodejs\\node_modules\\npm\\bin\\npm-cli.js',
1 verbose cli   'run',
1 verbose cli   'hot-dev-server' ]
2 info using npm@3.8.3
3 info using node@v5.10.1
4 verbose run-script [ 'prehot-dev-server', 'hot-dev-server', 'posthot-dev-server' ]
5 info lifecycle JKriegsspiel@1.0.0~prehot-dev-server: JKriegsspiel@1.0.0
6 silly lifecycle JKriegsspiel@1.0.0~prehot-dev-server: no script for prehot-dev-server, continuing
7 info lifecycle JKriegsspiel@1.0.0~hot-dev-server: JKriegsspiel@1.0.0
8 verbose lifecycle JKriegsspiel@1.0.0~hot-dev-server: unsafe-perm in lifecycle true
9 verbose lifecycle JKriegsspiel@1.0.0~hot-dev-server: PATH: C:\Program Files\nodejs\node_modules\npm\bin\node-gyp-bin;C:\development\workspace\JKriegsspiel\node_modules\.bin;C:\Program Files\nodejs;C:\ProgramData\Oracle\Java\javapath;C:\Program Files (x86)\Git\bin;C:\WINDOWS\system32;C:\WINDOWS;C:\WINDOWS\System32\Wbem;C:\WINDOWS\System32\WindowsPowerShell\v1.0\;C:\Windows\CCM;C:\Program Files (x86)\GitExtensions\;C:\Program Files (x86)\OpenText\Viewer\bin;C:\Program Files\nodejs\;C:\WINDOWS\System32\WindowsPowerShell\v1.0;C:\Program Files (x86)\scala\bin;C:\WINDOWS\System32\WindowsPowerShell\v1.0;C:\WINDOWS\System32\WindowsPowerShell\v1.0;C:\WINDOWS\System32\WindowsPowerShell\v1.0;C:\WINDOWS\System32\WindowsPowerShell\v1.0;C:\WINDOWS\System32\WindowsPowerShell\v1.0;c:\Program Files (x86)\Microsoft SQL Server\100\Tools\Binn\;c:\Program Files\Microsoft SQL Server\100\Tools\Binn\;c:\Program Files\Microsoft SQL Server\100\DTS\Binn\;%USERPROFILE%\.dnx\bin;C:\Program Files\Microsoft DNX\Dnvm\;C:\Program Files\Microsoft SQL Server\130\Tools\Binn\;C:\development\tools\kafka_2.10-0.8.1.1\bin\windows;C:\development\tools\apache-maven-3.3.9\bin;C:\Program Files\Java\jdk1.8.0_77\bin;C:\Users\i307942\AppData\Roaming\npm;C:\Python27
10 verbose lifecycle JKriegsspiel@1.0.0~hot-dev-server: CWD: C:\development\workspace\JKriegsspiel
11 silly lifecycle JKriegsspiel@1.0.0~hot-dev-server: Args: [ '/d /s /c', 'webpack-dev-server --inline --hot' ]
12 silly lifecycle JKriegsspiel@1.0.0~hot-dev-server: Returned: code: 1  signal: null
13 info lifecycle JKriegsspiel@1.0.0~hot-dev-server: Failed to exec hot-dev-server script
14 verbose stack Error: JKriegsspiel@1.0.0 hot-dev-server: `webpack-dev-server --inline --hot`
14 verbose stack Exit status 1
14 verbose stack     at EventEmitter.<anonymous> (C:\Program Files\nodejs\node_modules\npm\lib\utils\lifecycle.js:239:16)
14 verbose stack     at emitTwo (events.js:100:13)
14 verbose stack     at EventEmitter.emit (events.js:185:7)
14 verbose stack     at ChildProcess.<anonymous> (C:\Program Files\nodejs\node_modules\npm\lib\utils\spawn.js:24:14)
14 verbose stack     at emitTwo (events.js:100:13)
14 verbose stack     at ChildProcess.emit (events.js:185:7)
14 verbose stack     at maybeClose (internal/child_process.js:850:16)
14 verbose stack     at Process.ChildProcess._handle.onexit (internal/child_process.js:215:5)
15 verbose pkgid JKriegsspiel@1.0.0
16 verbose cwd C:\development\workspace\JKriegsspiel
17 error Windows_NT 6.3.9600
18 error argv "C:\\Program Files\\nodejs\\node.exe" "C:\\Program Files\\nodejs\\node_modules\\npm\\bin\\npm-cli.js" "run" "hot-dev-server"
19 error node v5.10.1
20 error npm  v3.8.3
21 error code ELIFECYCLE
22 error JKriegsspiel@1.0.0 hot-dev-server: `webpack-dev-server --inline --hot`
22 error Exit status 1
23 error Failed at the JKriegsspiel@1.0.0 hot-dev-server script 'webpack-dev-server --inline --hot'.
23 error Make sure you have the latest version of node.js and npm installed.
23 error If you do, this is most likely a problem with the JKriegsspiel package,
23 error not with npm itself.
23 error Tell the author that this fails on your system:
23 error     webpack-dev-server --inline --hot
23 error You can get information on how to open an issue for this project with:
23 error     npm bugs JKriegsspiel
23 error Or if that isn't available, you can get their info via:
23 error     npm owner ls JKriegsspiel
23 error There is likely additional logging output above.
24 verbose exit [ 1, true ]
